0 info it worked if it ends with ok
1 verbose cli [ '/usr/local/Cellar/node/0.10.35/bin/node',
1 verbose cli   '/usr/local/bin/npm',
1 verbose cli   'run',
1 verbose cli   'gulp' ]
2 info using npm@3.10.3
3 info using node@v6.4.0
4 verbose run-script [ 'pregulp', 'gulp', 'postgulp' ]
5 info lifecycle bitcoin@1.0.0~pregulp: bitcoin@1.0.0
6 silly lifecycle bitcoin@1.0.0~pregulp: no script for pregulp, continuing
7 info lifecycle bitcoin@1.0.0~gulp: bitcoin@1.0.0
8 verbose lifecycle bitcoin@1.0.0~gulp: unsafe-perm in lifecycle true
9 verbose lifecycle bitcoin@1.0.0~gulp: PATH: /usr/local/lib/node_modules/npm/bin/node-gyp-bin:/Users/thommorais/Sites/bitcoin-stores/node_modules/.bin:/usr/local/Cellar/node/0.10.35/bin:/usr/local/mysql/bin:/usr/local/bin:/usr/bin:/bin:/usr/sbin:/sbin:/opt/X11/bin:/usr/local/git/bin
10 verbose lifecycle bitcoin@1.0.0~gulp: CWD: /Users/thommorais/Sites/bitcoin-stores
11 silly lifecycle bitcoin@1.0.0~gulp: Args: [ '-c', 'gulp' ]
12 silly lifecycle bitcoin@1.0.0~gulp: Returned: code: 1  signal: null
13 info lifecycle bitcoin@1.0.0~gulp: Failed to exec gulp script
14 verbose stack Error: bitcoin@1.0.0 gulp: `gulp`
14 verbose stack Exit status 1
14 verbose stack     at EventEmitter.<anonymous> (/usr/local/lib/node_modules/npm/lib/utils/lifecycle.js:242:16)
14 verbose stack     at emitTwo (events.js:106:13)
14 verbose stack     at EventEmitter.emit (events.js:191:7)
14 verbose stack     at ChildProcess.<anonymous> (/usr/local/lib/node_modules/npm/lib/utils/spawn.js:40:14)
14 verbose stack     at emitTwo (events.js:106:13)
14 verbose stack     at ChildProcess.emit (events.js:191:7)
14 verbose stack     at maybeClose (internal/child_process.js:852:16)
14 verbose stack     at Process.ChildProcess._handle.onexit (internal/child_process.js:215:5)
15 verbose pkgid bitcoin@1.0.0
16 verbose cwd /Users/thommorais/Sites/bitcoin-stores
17 error Darwin 16.3.0
18 error argv "/usr/local/Cellar/node/0.10.35/bin/node" "/usr/local/bin/npm" "run" "gulp"
19 error node v6.4.0
20 error npm  v3.10.3
21 error code ELIFECYCLE
22 error bitcoin@1.0.0 gulp: `gulp`
22 error Exit status 1
23 error Failed at the bitcoin@1.0.0 gulp script 'gulp'.
23 error Make sure you have the latest version of node.js and npm installed.
23 error If you do, this is most likely a problem with the bitcoin package,
23 error not with npm itself.
23 error Tell the author that this fails on your system:
23 error     gulp
23 error You can get information on how to open an issue for this project with:
23 error     npm bugs bitcoin
23 error Or if that isn't available, you can get their info via:
23 error     npm owner ls bitcoin
23 error There is likely additional logging output above.
24 verbose exit [ 1, true ]
